<?xml version="1.0" encoding="UTF-8"?>
<testng-results ignored="0" total="1" passed="1" failed="0" skipped="0">
  <reporter-output>
  </reporter-output>
  <suite started-at="2023-11-13T17:36:53 IST" name="Default suite" finished-at="2023-11-13T17:37:12 IST" duration-ms="18686">
    <groups>
    </groups>
    <test started-at="2023-11-13T17:36:53 IST" name="Default test" finished-at="2023-11-13T17:37:12 IST" duration-ms="18686">
      <class name="com.practiceTest.tests.LoginTests">
        <test-method is-config="true" signature="setup()[pri:0, instance:com.practiceTest.tests.LoginTests@42a48628]" started-at="2023-11-13T17:36:53 IST" name="setup" finished-at="2023-11-13T17:37:05 IST" duration-ms="11870" status="PASS">
          <reporter-output>
          </reporter-output>
        </test-method> <!-- setup -->
        <test-method signature="loginTest()[pri:0, instance:com.practiceTest.tests.LoginTests@42a48628]" started-at="2023-11-13T17:37:05 IST" name="loginTest" finished-at="2023-11-13T17:37:12 IST" duration-ms="6175" status="PASS">
          <reporter-output>
          </reporter-output>
        </test-method> <!-- loginTest -->
        <test-method is-config="true" signature="tearDown()[pri:0, instance:com.practiceTest.tests.LoginTests@42a48628]" started-at="2023-11-13T17:37:12 IST" name="tearDown" finished-at="2023-11-13T17:37:12 IST" duration-ms="538" status="PASS">
          <reporter-output>
          </reporter-output>
        </test-method> <!-- tearDown -->
      </class> <!-- com.practiceTest.tests.LoginTests -->
    </test> <!-- Default test -->
  </suite> <!-- Default suite -->
</testng-results>
